[    0.000000] Initializing cgroup subsys cpuset
[    0.000000] Initializing cgroup subsys cpu
[    0.000000] Initializing cgroup subsys cpuacct
[    0.000000] Linux version 4.4.0-159-generic (buildd@lgw01-amd64-042) (gcc version 5.4.0 20160609 (Ubuntu 5.4.0-6ubuntu1~16.04.10) ) #187-Ubuntu SMP Thu Aug 1 16:28:06 UTC 2019 (Ubuntu 4.4.0-159.187-generic 4.4.185)
[    0.000000] Command line: BOOT_IMAGE=/boot/vmlinuz-4.4.0-159-generic root=LABEL=cloudimg-rootfs ro console=tty1 console=ttyS0
[    0.000000] KERNEL supported cpus:
[    0.000000]   Intel GenuineIntel
[    0.000000]   AMD AuthenticAMD
[    0.000000]   Centaur CentaurHauls
[    0.000000] x86/fpu: xstate_offset[2]:  576, xstate_sizes[2]:  256
[    0.000000] x86/fpu: Supporting XSAVE feature 0x01: 'x87 floating point registers'
[    0.000000] x86/fpu: Supporting XSAVE feature 0x02: 'SSE registers'
[    0.000000] x86/fpu: Supporting XSAVE feature 0x04: 'AVX registers'
[    0.000000] x86/fpu: Enabled xstate features 0x7, context size is 832 bytes, using 'standard' format.
[    0.000000] e820: BIOS-provided physical RAM map:
[    0.000000] BIOS-e820: [mem 0x0000000000000000-0x000000000009fbff] usable
[    0.000000] BIOS-e820: [mem 0x000000000009fc00-0x000000000009ffff] reserved
[    0.000000] BIOS-e820: [mem 0x00000000000f0000-0x00000000000fffff] reserved
[    0.000000] BIOS-e820: [mem 0x0000000000100000-0x000000003ffeffff] usable
[    0.000000] BIOS-e820: [mem 0x000000003fff0000-0x000000003fffffff] ACPI data
[    0.000000] BIOS-e820: [mem 0x00000000fec00000-0x00000000fec00fff] reserved
[    0.000000] BIOS-e820: [mem 0x00000000fee00000-0x00000000fee00fff] reserved
[    0.000000] BIOS-e820: [mem 0x00000000fffc0000-0x00000000ffffffff] reserved
[    0.000000] NX (Execute Disable) protection: active
[    0.000000] SMBIOS 2.5 present.
[    0.000000] Hypervisor detected: KVM
[    0.000000] e820: last_pfn = 0x3fff0 max_arch_pfn = 0x400000000
[    0.000000] MTRR: Disabled
[    0.000000] x86/PAT: MTRRs disabled, skipping PAT initialization too.
[    0.000000] CPU MTRRs all blank - virtualized system.
[    0.000000] x86/PAT: Configuration [0-7]: WB  WT  UC- UC  WB  WT  UC- UC  
[    0.000000] found SMP MP-table at [mem 0x0009fff0-0x0009ffff] mapped at [ffff88000009fff0]
[    0.000000] Scanning 1 areas for low memory corruption
[    0.000000] RAMDISK: [mem 0x362f8000-0x37173fff]
[    0.000000] ACPI: Early table checksum verification disabled
[    0.000000] ACPI: RSDP 0x00000000000E0000 000024 (v02 VBOX  )
[    0.000000] ACPI: XSDT 0x000000003FFF0030 00003C (v01 VBOX   VBOXXSDT 00000001 ASL  00000061)
[    0.000000] ACPI: FACP 0x000000003FFF00F0 0000F4 (v04 VBOX   VBOXFACP 00000001 ASL  00000061)
[    0.000000] ACPI: DSDT 0x000000003FFF0470 0022EA (v02 VBOX   VBOXBIOS 00000002 INTL 20100528)
[    0.000000] ACPI: FACS 0x000000003FFF0200 000040
[    0.000000] ACPI: FACS 0x000000003FFF0200 000040
[    0.000000] ACPI: APIC 0x000000003FFF0240 00005C (v02 VBOX   VBOXAPIC 00000001 ASL  00000061)
[    0.000000] ACPI: SSDT 0x000000003FFF02A0 0001CC (v01 VBOX   VBOXCPUT 00000002 INTL 20100528)
[    0.000000] No NUMA configuration found
[    0.000000] Faking a node at [mem 0x0000000000000000-0x000000003ffeffff]
[    0.000000] NODE_DATA(0) allocated [mem 0x3ffeb000-0x3ffeffff]
[    0.000000] kvm-clock: Using msrs 4b564d01 and 4b564d00
[    0.000000] kvm-clock: cpu 0, msr 0:3ffe3001, primary cpu clock
[    0.000000] kvm-clock: using sched offset of 3816014149 cycles
[    0.000000] clocksource: kvm-clock: mask: 0xffffffffffffffff max_cycles: 0x1cd42e4dffb, max_idle_ns: 881590591483 ns
[    0.000000] Zone ranges:
[    0.000000]   DMA      [mem 0x0000000000001000-0x0000000000ffffff]
[    0.000000]   DMA32    [mem 0x0000000001000000-0x000000003ffeffff]
[    0.000000]   Normal   empty
[    0.000000]   Device   empty
[    0.000000] Movable zone start for each node
[    0.000000] Early memory node ranges
[    0.000000]   node   0: [mem 0x0000000000001000-0x000000000009efff]
[    0.000000]   node   0: [mem 0x0000000000100000-0x000000003ffeffff]
[    0.000000] Initmem setup node 0 [mem 0x0000000000001000-0x000000003ffeffff]
[    0.000000] ACPI: PM-Timer IO Port: 0x4008
[    0.000000] IOAPIC[0]: apic_id 2, version 32, address 0xfec00000, GSI 0-23
[    0.000000] ACPI: INT_SRC_OVR (bus 0 bus_irq 0 global_irq 2 dfl dfl)
[    0.000000] ACPI: INT_SRC_OVR (bus 0 bus_irq 9 global_irq 9 low level)
[    0.000000] Using ACPI (MADT) for SMP configuration information
[    0.000000] smpboot: Allowing 2 CPUs, 0 hotplug CPUs
[    0.000000] PM: Registered nosave memory: [mem 0x00000000-0x00000fff]
[    0.000000] PM: Registered nosave memory: [mem 0x0009f000-0x0009ffff]
[    0.000000] PM: Registered nosave memory: [mem 0x000a0000-0x000effff]
[    0.000000] PM: Registered nosave memory: [mem 0x000f0000-0x000fffff]
[    0.000000] e820: [mem 0x40000000-0xfebfffff] available for PCI devices
[    0.000000] Booting paravirtualized kernel on KVM
[    0.000000] clocksource: refined-jiffies: mask: 0xffffffff max_cycles: 0xffffffff, max_idle_ns: 7645519600211568 ns
[    0.000000] setup_percpu: NR_CPUS:512 nr_cpumask_bits:512 nr_cpu_ids:2 nr_node_ids:1
[    0.000000] PERCPU: Embedded 34 pages/cpu @ffff88003fc00000 s99544 r8192 d31528 u1048576
[    0.000000] Built 1 zonelists in Node order, mobility grouping on.  Total pages: 257912
[    0.000000] Policy zone: DMA32
[    0.000000] Kernel command line: BOOT_IMAGE=/boot/vmlinuz-4.4.0-159-generic root=LABEL=cloudimg-rootfs ro console=tty1 console=ttyS0
[    0.000000] PID hash table entries: 4096 (order: 3, 32768 bytes)
[    0.000000] Memory: 997724K/1048120K available (8618K kernel code, 1335K rwdata, 4032K rodata, 1488K init, 1284K bss, 50396K reserved, 0K cma-reserved)
[    0.000000] SLUB: HWalign=64, Order=0-3, MinObjects=0, CPUs=2, Nodes=1
[    0.000000] Kernel/User page tables isolation: enabled
[    0.000000] Hierarchical RCU implementation.
[    0.000000] 	Build-time adjustment of leaf fanout to 64.
[    0.000000] 	RCU restricting CPUs from NR_CPUS=512 to nr_cpu_ids=2.
[    0.000000] RCU: Adjusting geometry for rcu_fanout_leaf=64, nr_cpu_ids=2
[    0.000000] NR_IRQS:33024 nr_irqs:440 16
[    0.000000] Console: colour VGA+ 80x25
[    0.000000] console [tty1] enabled
[    0.000000] console [ttyS0] enabled
[    0.000000] tsc: Detected 2712.000 MHz processor
[    0.164172] Calibrating delay loop (skipped) preset value.. 5424.00 BogoMIPS (lpj=10848000)
[    0.166079] pid_max: default: 32768 minimum: 301
[    0.167207] ACPI: Core revision 20150930
[    0.169158] ACPI: 2 ACPI AML tables successfully acquired and loaded
[    0.170755] Security Framework initialized
[    0.171864] Yama: becoming mindful.
[    0.172685] AppArmor: AppArmor initialized
[    0.173790] Dentry cache hash table entries: 131072 (order: 8, 1048576 bytes)
[    0.178541] Inode-cache hash table entries: 65536 (order: 7, 524288 bytes)
[    0.180270] Mount-cache hash table entries: 2048 (order: 2, 16384 bytes)
[    0.181587] Mountpoint-cache hash table entries: 2048 (order: 2, 16384 bytes)
[    0.183117] Initializing cgroup subsys io
[    0.184107] Initializing cgroup subsys memory
[    0.185105] Initializing cgroup subsys devices
[    0.186141] Initializing cgroup subsys freezer
[    0.187129] Initializing cgroup subsys net_cls
[    0.188186] Initializing cgroup subsys perf_event
[    0.189245] Initializing cgroup subsys net_prio
[    0.190616] Initializing cgroup subsys hugetlb
[    0.191640] Initializing cgroup subsys pids
[    0.193820] mce: CPU supports 0 MCE banks
[    0.194782] Last level iTLB entries: 4KB 64, 2MB 8, 4MB 8
[    0.195966] Last level dTLB entries: 4KB 64, 2MB 0, 4MB 0, 1GB 4
[    0.197198] Spectre V1 : Mitigation: usercopy/swapgs barriers and __user pointer sanitization
[    0.198968] Spectre V2 : Mitigation: Full generic retpoline
[    0.200326] Spectre V2 : Spectre v2 / SpectreRSB mitigation: Filling RSB on context switch
[    0.202259] Speculative Store Bypass: Vulnerable
[    0.203340] MDS: Vulnerable: Clear CPU buffers attempted, no microcode
[    0.208041] Freeing SMP alternatives memory: 36K
[    0.215740] ftrace: allocating 32318 entries in 127 pages
[    0.282107] smpboot: APIC(0) Converting physical 0 to logical package 0
[    0.283472] smpboot: Max logical packages: 1
[    0.284758] x2apic enabled
[    0.285719] Switched APIC routing to physical x2apic.
[    0.288123] ..TIMER: vector=0x30 apic1=0 pin1=2 apic2=-1 pin2=-1
[    0.395481] smpboot: CPU0: Intel(R) Core(TM) i5-7200U CPU @ 2.50GHz (family: 0x6, model: 0x8e, stepping: 0x9)
[    0.397925] Performance Events: unsupported p6 CPU model 142 no PMU driver, software events only.
[    0.411205] KVM setup paravirtual spinlock
[    0.412869] x86: Booting SMP configuration:
[    0.413846] .... node  #0, CPUs:      #1
[    0.414904] kvm-clock: cpu 1, msr 0:3ffe3041, secondary cpu clock
[    0.417807] mce: CPU supports 0 MCE banks
[    0.420730] x86: Booted up 1 node, 2 CPUs
[    0.421939] smpboot: Total of 2 processors activated (10848.00 BogoMIPS)
[    0.423804] devtmpfs: initialized
[    0.426478] evm: security.selinux
[    0.427323] evm: security.SMACK64
[    0.428150] evm: security.SMACK64EXEC
[    0.429119] evm: security.SMACK64TRANSMUTE
[    0.430104] evm: security.SMACK64MMAP
[    0.430981] evm: security.ima
[    0.431818] evm: security.capability
[    0.432991] clocksource: jiffies: mask: 0xffffffff max_cycles: 0xffffffff, max_idle_ns: 7645041785100000 ns
[    0.435096] futex hash table entries: 512 (order: 3, 32768 bytes)
[    0.436628] pinctrl core: initialized pinctrl subsystem
[    0.437812] RTC time:  8:35:31, date: 09/02/19
[    0.438988] NET: Registered protocol family 16
[    0.453166] cpuidle: using governor ladder
[    0.463881] cpuidle: using governor menu
[    0.465062] PCCT header not found.
[    0.465948] ACPI: bus type PCI registered
[    0.466925] acpiphp: ACPI Hot Plug PCI Controller Driver version: 0.5
[    0.468404] PCI: Using configuration type 1 for base access
[    0.481605] ACPI: Added _OSI(Module Device)
[    0.482593] ACPI: Added _OSI(Processor Device)
[    0.483631] ACPI: Added _OSI(3.0 _SCP Extensions)
[    0.484698] ACPI: Added _OSI(Processor Aggregator Device)
[    0.486666] ACPI: Executed 1 blocks of module-level executable AML code
[    0.490082] ACPI: Interpreter enabled
[    0.490978] ACPI: (supports S0 S5)
[    0.491910] ACPI: Using IOAPIC for interrupt routing
[    0.493304] PCI: Using host bridge windows from ACPI; if necessary, use "pci=nocrs" and report a bug
[    0.498657] ACPI: PCI Root Bridge [PCI0] (domain 0000 [bus 00-ff])
[    0.500039] acpi PNP0A03:00: _OSC: OS supports [ASPM ClockPM Segments MSI]
[    0.501948] acpi PNP0A03:00: _OSC: not requesting OS control; OS requires [ExtendedConfig ASPM ClockPM MSI]
[    0.504053] acpi PNP0A03:00: fail to add MMCONFIG information, can't access extended PCI configuration space under this bridge.
[    0.506805] PCI host bridge to bus 0000:00
[    0.507767] pci_bus 0000:00: root bus resource [io  0x0000-0x0cf7 window]
[    0.509111] pci_bus 0000:00: root bus resource [io  0x0d00-0xffff window]
[    0.510543] pci_bus 0000:00: root bus resource [mem 0x000a0000-0x000bffff window]
[    0.512332] pci_bus 0000:00: root bus resource [mem 0x40000000-0xfdffffff window]
[    0.514068] pci_bus 0000:00: root bus resource [bus 00-ff]
[    0.517219] pci 0000:00:01.1: legacy IDE quirk: reg 0x10: [io  0x01f0-0x01f7]
[    0.518758] pci 0000:00:01.1: legacy IDE quirk: reg 0x14: [io  0x03f6]
[    0.520128] pci 0000:00:01.1: legacy IDE quirk: reg 0x18: [io  0x0170-0x0177]
[    0.521607] pci 0000:00:01.1: legacy IDE quirk: reg 0x1c: [io  0x0376]
[    0.557721] pci 0000:00:07.0: quirk: [io  0x4000-0x403f] claimed by PIIX4 ACPI
[    0.559494] pci 0000:00:07.0: quirk: [io  0x4100-0x410f] claimed by PIIX4 SMB
[    0.575549] ACPI: PCI Interrupt Link [LNKA] (IRQs 5 9 10 *11)
[    0.577567] ACPI: PCI Interrupt Link [LNKB] (IRQs 5 9 *10 11)
[    0.579283] ACPI: PCI Interrupt Link [LNKC] (IRQs 5 *9 10 11)
[    0.581120] ACPI: PCI Interrupt Link [LNKD] (IRQs 5 9 10 *11)
[    0.583016] ACPI: Enabled 2 GPEs in block 00 to 07
[    0.584810] vgaarb: setting as boot device: PCI:0000:00:02.0
[    0.585921] vgaarb: device added: PCI:0000:00:02.0,decodes=io+mem,owns=io+mem,locks=none
[    0.587622] vgaarb: loaded
[    0.588321] vgaarb: bridge control possible 0000:00:02.0
[    0.589628] SCSI subsystem initialized
[    0.590719] ACPI: bus type USB registered
[    0.591739] usbcore: registered new interface driver usbfs
[    0.592822] usbcore: registered new interface driver hub
[    0.593899] usbcore: registered new device driver usb
[    0.595164] PCI: Using ACPI for IRQ routing
[    0.596521] NetLabel: Initializing
[    0.597337] NetLabel:  domain hash size = 128
[    0.598551] NetLabel:  protocols = UNLABELED CIPSOv4
[    0.602661] NetLabel:  unlabeled traffic allowed by default
[    0.604213] amd_nb: Cannot enumerate AMD northbridges
[    0.605386] clocksource: Switched to clocksource kvm-clock
[    0.617694] AppArmor: AppArmor Filesystem Enabled
[    0.618876] pnp: PnP ACPI init
[    0.620495] pnp: PnP ACPI: found 3 devices
[    0.632248] clocksource: acpi_pm: mask: 0xffffff max_cycles: 0xffffff, max_idle_ns: 2085701024 ns
[    0.634537] NET: Registered protocol family 2
[    0.635739] TCP established hash table entries: 8192 (order: 4, 65536 bytes)
[    0.637281] TCP bind hash table entries: 8192 (order: 5, 131072 bytes)
[    0.638795] TCP: Hash tables configured (established 8192 bind 8192)
[    0.640563] UDP hash table entries: 512 (order: 2, 16384 bytes)
[    0.642220] UDP-Lite hash table entries: 512 (order: 2, 16384 bytes)
[    0.643677] NET: Registered protocol family 1
[    0.644776] pci 0000:00:00.0: Limiting direct PCI/PCI transfers
[    0.646171] pci 0000:00:01.0: Activating ISA DMA hang workarounds
[    0.647698] Unpacking initramfs...
[    0.944751] Freeing initrd memory: 14832K
[    0.946583] clocksource: tsc: mask: 0xffffffffffffffff max_cycles: 0x2717868ea45, max_idle_ns: 440795316085 ns
[    0.949158] platform rtc_cmos: registered platform RTC device (no PNP device found)
[    0.951171] Scanning for low memory corruption every 60 seconds
[    0.953030] audit: initializing netlink subsys (disabled)
[    0.954305] audit: type=2000 audit(1567413336.551:1): initialized
[    0.956472] Initialise system trusted keyring
[    0.958014] HugeTLB registered 2 MB page size, pre-allocated 0 pages
[    0.962055] zbud: loaded
[    0.963381] VFS: Disk quotas dquot_6.6.0
[    0.964326] VFS: Dquot-cache hash table entries: 512 (order 0, 4096 bytes)
[    0.965819] squashfs: version 4.0 (2009/01/31) Phillip Lougher
[    0.967252] fuse init (API version 7.23)
[    0.968295] Key type big_key registered
[    0.969749] Allocating IMA MOK and blacklist keyrings.
[    0.972399] Key type asymmetric registered
[    0.973320] Asymmetric key parser 'x509' registered
[    0.974506] Block layer SCSI generic (bsg) driver version 0.4 loaded (major 249)
[    0.976156] io scheduler noop registered
[    0.976984] io scheduler deadline registered (default)
[    0.978061] io scheduler cfq registered
[    0.979004] pci_hotplug: PCI Hot Plug PCI Core version: 0.5
[    0.980178] pciehp: PCI Express Hot Plug Controller Driver version: 0.4
[    0.981519] ACPI: AC Adapter [AC] (on-line)
[    0.982444] input: Power Button as /devices/LNXSYSTM:00/LNXPWRBN:00/input/input0
[    0.984133] ACPI: Power Button [PWRF]
[    0.985480] input: Sleep Button as /devices/LNXSYSTM:00/LNXSLPBN:00/input/input1
[    0.987169] ACPI: Sleep Button [SLPF]
[    0.988909] ACPI: Battery Slot [BAT0] (battery present)
[    0.990034] GHES: HEST is not enabled!
[    0.990951] Serial: 8250/16550 driver, 32 ports, IRQ sharing enabled
[    1.012881] 00:02: ttyS0 at I/O 0x3f8 (irq = 4, base_baud = 115200) is a 16550A
[    1.015594] Linux agpgart interface v0.103
[    1.018268] loop: module loaded
[    1.019790] scsi host0: ata_piix
[    1.020723] scsi host1: ata_piix
[    1.021527] ata1: PATA max UDMA/33 cmd 0x1f0 ctl 0x3f6 bmdma 0xd000 irq 14
[    1.023440] ata2: PATA max UDMA/33 cmd 0x170 ctl 0x376 bmdma 0xd008 irq 15
[    1.025650] libphy: Fixed MDIO Bus: probed
[    1.026728] tun: Universal TUN/TAP device driver, 1.6
[    1.027732] tun: (C) 1999-2004 Max Krasnyansky <maxk@qualcomm.com>
[    1.028988] PPP generic driver version 2.4.2
[    1.029978] ehci_hcd: USB 2.0 'Enhanced' Host Controller (EHCI) Driver
[    1.031204] ehci-pci: EHCI PCI platform driver
[    1.032147] ehci-platform: EHCI generic platform driver
[    1.033213] ohci_hcd: USB 1.1 'Open' Host Controller (OHCI) Driver
[    1.034420] ohci-pci: OHCI PCI platform driver
[    1.035388] ohci-platform: OHCI generic platform driver
[    1.036475] uhci_hcd: USB Universal Host Controller Interface driver
[    1.037861] i8042: PNP: PS/2 Controller [PNP0303:PS2K,PNP0f03:PS2M] at 0x60,0x64 irq 1,12
[    1.040168] serio: i8042 KBD port at 0x60,0x64 irq 1
[    1.041225] serio: i8042 AUX port at 0x60,0x64 irq 12
[    1.042454] mousedev: PS/2 mouse device common for all mice
[    1.044126] rtc_cmos rtc_cmos: rtc core: registered rtc_cmos as rtc0
[    1.045493] input: AT Translated Set 2 keyboard as /devices/platform/i8042/serio0/input/input2
[    1.045520] rtc_cmos rtc_cmos: alarms up to one day, 114 bytes nvram
[    1.045532] i2c /dev entries driver
[    1.045599] device-mapper: uevent: version 1.0.3
[    1.049457] device-mapper: ioctl: 4.34.0-ioctl (2015-10-28) initialised: dm-devel@redhat.com
[    1.049477] ledtrig-cpu: registered to indicate activity on CPUs
[    1.049839] NET: Registered protocol family 10
[    1.050018] NET: Registered protocol family 17
[    1.050027] Key type dns_resolver registered
[    1.050277] registered taskstats version 1
[    1.050297] Loading compiled-in X.509 certificates
[    1.051161] Loaded X.509 cert 'Build time autogenerated kernel key: d14182f9795b80ec340f636a5a08bf5817ccd8e7'
[    1.051198] zswap: loaded using pool lzo/zbud
[    1.053391] Key type trusted registered
[    1.058230] Key type encrypted registered
[    1.058238] AppArmor: AppArmor sha1 policy hashing enabled
[    1.058241] ima: No TPM chip found, activating TPM-bypass!
[    1.058261] ima: Allocated hash algorithm: sha1
[    1.058277] evm: HMAC attrs: 0x1
[    1.058653]   Magic number: 3:45:573
[    1.059507] rtc_cmos rtc_cmos: setting system clock to 2019-09-02 08:35:31 UTC (1567413331)
[    1.059673] BIOS EDD facility v0.16 2004-Jun-25, 0 devices found
[    1.059673] EDD information not available.
[    1.186249] Freeing unused kernel memory: 1488K
[    1.187518] Write protecting the kernel read-only data: 14336k
[    1.189550] Freeing unused kernel memory: 1608K
[    1.193885] Freeing unused kernel memory: 64K
Loading, please wait...
starting version 229
[    1.247344] random: systemd-udevd: uninitialized urandom read (16 bytes read, 3 bits of entropy available)
[    1.250497] random: udevadm: uninitialized urandom read (16 bytes read, 3 bits of entropy available)
[    1.250584] random: udevadm: uninitialized urandom read (16 bytes read, 3 bits of entropy available)
[    1.266360] random: systemd-udevd: uninitialized urandom read (16 bytes read, 3 bits of entropy available)
[    1.269688] random: udevadm: uninitialized urandom read (16 bytes read, 3 bits of entropy available)
[    1.269787] random: udevadm: uninitialized urandom read (16 bytes read, 3 bits of entropy available)
[    1.270113] random: udevadm: uninitialized urandom read (16 bytes read, 3 bits of entropy available)
[    1.270233] random: udevadm: uninitialized urandom read (16 bytes read, 3 bits of entropy available)
[    1.270419] random: udevadm: uninitialized urandom read (16 bytes read, 3 bits of entropy available)
[    1.270584] random: udevadm: uninitialized urandom read (16 bytes read, 3 bits of entropy available)
[    1.338000] e1000: Intel(R) PRO/1000 Network Driver - version 7.3.21-k8-NAPI
[    1.340443] e1000: Copyright (c) 1999-2006 Intel Corporation.
[    1.342207] Fusion MPT base driver 3.04.20
[    1.343372] Copyright (c) 1999-2008 LSI Corporation
[    1.354451] Fusion MPT SPI Host driver 3.04.20
[    1.375696] AVX2 version of gcm_enc/dec engaged.
[    1.376955] AES CTR mode by8 optimization enabled
[    1.554938] input: ImExPS/2 Generic Explorer Mouse as /devices/platform/i8042/serio1/input/input4
[    1.726852] e1000 0000:00:03.0 eth0: (PCI:33MHz:32-bit) 02:6a:5b:40:72:6f
[    1.728420] e1000 0000:00:03.0 eth0: Intel(R) PRO/1000 Network Connection
[    1.730754] mptbase: ioc0: Initiating bringup
[    1.794331] ioc0: LSI53C1030 A0: Capabilities={Initiator}
[    1.956581] scsi host2: ioc0: LSI53C1030 A0, FwRev=00000000h, Ports=1, MaxQ=256, IRQ=20
[    2.070591] scsi 2:0:0:0: Direct-Access     VBOX     HARDDISK         1.0  PQ: 0 ANSI: 5
[    2.073130] scsi target2:0:0: Beginning Domain Validation
[    2.075293] scsi target2:0:0: Domain Validation skipping write tests
[    2.076790] scsi target2:0:0: Ending Domain Validation
[    2.078169] scsi target2:0:0: asynchronous
[    2.079682] scsi 2:0:1:0: Direct-Access     VBOX     HARDDISK         1.0  PQ: 0 ANSI: 5
[    2.081672] scsi target2:0:1: Beginning Domain Validation
[    2.084166] scsi target2:0:1: Domain Validation skipping write tests
[    2.085659] scsi target2:0:1: Ending Domain Validation
[    2.087021] scsi target2:0:1: asynchronous
[    2.095418] sd 2:0:0:0: Attached scsi generic sg0 type 0
[    2.110487] sd 2:0:0:0: [sda] 20971520 512-byte logical blocks: (10.7 GB/10.0 GiB)
[    2.112860] sd 2:0:0:0: [sda] Write Protect is off
[    2.114287] sd 2:0:0:0: [sda] Incomplete mode parameter data
[    2.115953] sd 2:0:0:0: [sda] Assuming drive cache: write through
[    2.118968] sd 2:0:1:0: [sdb] 20480 512-byte logical blocks: (10.5 MB/10.0 MiB)
[    2.121410] sd 2:0:1:0: [sdb] Write Protect is off
[    2.122985] sd 2:0:1:0: [sdb] Incomplete mode parameter data
[    2.124438] sd 2:0:1:0: [sdb] Assuming drive cache: write through
[    2.126322] sd 2:0:1:0: Attached scsi generic sg1 type 0
[    2.128251]  sda: sda1
[    2.129940] sd 2:0:0:0: [sda] Attached SCSI disk
[    2.132950] sd 2:0:1:0: [sdb] Attached SCSI disk
[    2.450169] e1000 0000:00:08.0 eth1: (PCI:33MHz:32-bit) 08:00:27:62:d9:06
[    2.451820] e1000 0000:00:08.0 eth1: Intel(R) PRO/1000 Network Connection
[    2.455321] e1000 0000:00:03.0 enp0s3: renamed from eth0
[    2.469791] e1000 0000:00:08.0 enp0s8: renamed from eth1
Begin: Loading essential drivers ... [    3.935174] md: linear personality registered for level -1
[    3.940567] md: multipath personality registered for level -4
[    3.944534] md: raid0 personality registered for level 0
[    3.949850] md: raid1 personality registered for level 1
[    4.021906] raid6: sse2x1   gen()  4994 MB/s
[    4.089898] raid6: sse2x1   xor()  5717 MB/s
[    4.157767] raid6: sse2x2   gen()  9390 MB/s
[    4.225706] raid6: sse2x2   xor()  6996 MB/s
[    4.293760] raid6: sse2x4   gen() 13749 MB/s
[    4.361632] raid6: sse2x4   xor()  9609 MB/s
[    4.429496] raid6: avx2x1   gen() 19927 MB/s
[    4.497785] raid6: avx2x2   gen() 23237 MB/s
[    4.565698] raid6: avx2x4   gen() 25320 MB/s
[    4.566628] raid6: using algorithm avx2x4 gen() 25320 MB/s
[    4.567767] raid6: using avx2x2 recovery algorithm
[    4.570271] xor: automatically using best checksumming function:
[    4.609992]    avx       : 24515.000 MB/sec
[    4.612420] async_tx: api initialized (async)
[    4.624252] md: raid6 personality registered for level 6
[    4.625345] md: raid5 personality registered for level 5
[    4.626515] md: raid4 personality registered for level 4
[    4.634585] md: raid10 personality registered for level 10
done.
Begin: Running /scripts/init-premount ... done.
Begin: Mounting root file system ... Begin: Running /scripts/local-top ... done.
Begin: Running /scripts/local-premount ... [    4.665415] Btrfs loaded
Scanning for Btrfs filesystems
done.
Warning: fsck not present, so skipping root file system
[    4.743989] EXT4-fs (sda1): mounted filesystem with ordered data mode. Opts: (null)
done.
Begin: Running /scripts/local-bottom ... done.
Begin: Running /scripts/init-bottom ... done.
[    5.264934] systemd[1]: systemd 229 running in system mode. (+PAM +AUDIT +SELINUX +IMA +APPARMOR +SMACK +SYSVINIT +UTMP +LIBCRYPTSETUP +GCRYPT +GNUTLS +ACL +XZ -LZ4 +SECCOMP +BLKID +ELFUTILS +KMOD -IDN)
[    5.269648] systemd[1]: Detected virtualization oracle.
[    5.271023] systemd[1]: Detected architecture x86-64.

Welcome to [1mUbuntu 16.04.6 LTS[0m!

[    5.276183] systemd[1]: Set hostname to <ubuntu>.
[    5.279942] systemd[1]: Initializing machine ID from random generator.
[    5.281353] systemd[1]: Installed transient /etc/machine-id file.
[    5.426915] systemd[1]: Reached target Swap.
[[0;32m  OK  [0m] Reached target Swap.
[    5.428693] systemd[1]: Listening on Journal Audit Socket.
[[0;32m  OK  [0m] Listening on Journal Audit Socket.
[    5.430914] systemd[1]: Set up automount Arbitrary Executable File Formats File System Automount Point.
[[0;32m  OK  [0m] Set up automount Arbitrary Executab...ats File System Automount Point.
[    5.434194] systemd[1]: Listening on Device-mapper event daemon FIFOs.
[[0;32m  OK  [0m] Listening on Device-mapper event daemon FIFOs.
[    5.436547] systemd[1]: Listening on Journal Socket (/dev/log).
[[0;32m  OK  [0m] Listening on Journal Socket (/dev/log).
[    5.438703] systemd[1]: Listening on udev Kernel Socket.
[[0;32m  OK  [0m] Listening on udev Kernel Socket.
[    5.441047] systemd[1]: Created slice User and Session Slice.
[[0;32m  OK  [0m] Created slice User and Session Slice.
[    5.443287] systemd[1]: Listening on udev Control Socket.
[[0;32m  OK  [0m] Listening on udev Control Socket.
[    5.445274] systemd[1]: Listening on Journal Socket.
[[0;32m  OK  [0m] Listening on Journal Socket.
[    5.447337] systemd[1]: Reached target Encrypted Volumes.
[[0;32m  OK  [0m] Reached target Encrypted Volumes.
[    5.449349] systemd[1]: Started Forward Password Requests to Wall Directory Watch.
[[0;32m  OK  [0m] Started Forward Password Requests to Wall Directory Watch.
[    5.452766] systemd[1]: Created slice System Slice.
[[0;32m  OK  [0m] Created slice System Slice.
[    5.465718] systemd[1]: Starting Remount Root and Kernel File Systems...
         Starting Remount Root and Kernel File Systems...
[    5.469432] systemd[1]: Mounting POSIX Message Queue File System...
         Mounting POSIX Message Queue File System...
[    5.472577] systemd[1]: Mounting Debug File System...
         Mounting Debug File System...
[    5.482727] systemd[1]: Starting Load Kernel Modules...
[    5.483146] EXT4-fs (sda1): re-mounted. Opts: (null)
         Starting Load Kernel Modules...
[    5.487207] systemd[1]: Starting Nameserver information manager...
         Starting Nameserver information manager...
[    5.490178] systemd[1]: Reached target Slices.
[[0;32m  OK  [0m] Reached target Slices.
[    5.493863] systemd[1]: Starting Set console keymap...
         Starting Set console keymap...
[    5.497067] systemd[1]: Mounting Huge Pages File System...
         Mounting Huge Pages File System...
[    5.503758] Loading iSCSI transport class v2.0-870.
[    5.505606] systemd[1]: Reached target User and Group Name Lookups.
[[0;32m  OK  [0m] Reached target User and Group Name Lookups.
[    5.508947] systemd[1]: Listening on LVM2 metadata daemon socket.
[[0;32m  OK  [0m] Listening on LVM2 metadata daemon socket.
[    5.512311] systemd[1]: Starting Monitoring of LVM2 mirrors, snapshots etc. using dmeventd or progress polling...
[    5.516122] iscsi: registered transport (tcp)
         Starting Monitoring of LVM2 mirrors... dmeventd or progress polling...
[    5.519546] systemd[1]: Listening on Syslog Socket.
[[0;32m  OK  [0m] Listening on Syslog Socket.
[    5.524173] systemd[1]: Starting Journal Service...
         Starting Journal Service...
[    5.533135] systemd[1]: Starting Uncomplicated firewall...
         Starting Uncomplicated firewall...
[    5.536532] systemd[1]: Reached target System Time Synchronized.
[[0;32m  OK  [0m] Reached target System Time Synchronized.
[    5.542911] systemd[1]: Created slice system-serial\x2dgetty.slice.
[[0;32m  OK  [0m] Created slice system-serial\x2dgetty.slice.
[    5.546663] systemd[1]: Starting Create list of required static device nodes for the current kernel...
         Starting Create list of required st... nodes for the current kernel...
[    5.553803] systemd[1]: Listening on LVM2 poll daemon socket.
[[0;32m  OK  [0m] Listening on LVM2 poll daemon socket.
[    5.561482] systemd[1]: Listening on /dev/initctl Compatibility Named Pipe.
[[0;32m  OK  [0m] Listening on /dev/initctl Compatibility Named Pipe.
[    5.564276] systemd[1]: Started Trigger resolvconf update for networkd DNS.
[[0;32m  OK  [0m] Started Trigger resolvconf update for networkd DNS.
[    5.585694] iscsi: registered transport (iser)
[    5.591223] systemd[1]: Mounted Huge Pages File System.
[[0;32m  OK  [0m] Mounted Huge Pages File System.
[    5.593349] systemd[1]: Mounted POSIX Message Queue File System.
[[0;32m  OK  [0m] Mounted POSIX Message Queue File System.
[    5.596310] systemd[1]: Mounted Debug File System.
[[0;32m  OK  [0m] Mounted Debug File System.
[    5.599081] systemd[1]: Started Remount Root and Kernel File Systems.
[[0;32m  OK  [0m] Started Remount Root and Kernel File Systems.
[    5.603681] systemd[1]: Started Load Kernel Modules.
[[0;32m  OK  [0m] Started Load Kernel Modules.
[    5.607353] systemd[1]: Started Set console keymap.
[[0;32m  OK  [0m] Started Set console keymap.
[    5.610331] systemd[1]: Started Uncomplicated firewall.
[[0;32m  OK  [0m] Started Uncomplicated firewall.
[    5.612827] systemd[1]: Started Create list of required static device nodes for the current kernel.
[[0;32m  OK  [0m] Started Create list of required sta...ce nodes for the current kernel.
[    5.616669] systemd[1]: Started Nameserver information manager.
[[0;32m  OK  [0m] Started Nameserver information manager.
[    5.621455] systemd[1]: Started Journal Service.
[[0;32m  OK  [0m] Started Journal Service.
[[0;32m  OK  [0m] Started LVM2 metadata daemon.
         Starting Create Static Device Nodes in /dev...
         Mounting FUSE Control File System...
         Starting Apply Kernel Variables...
         Starting Load/Save Random Seed...
         Starting Flush Journal to Persistent Storage...
         Starting udev Coldplug all Devices...
[[0;32m  OK  [0m] Mounted FUSE Control File System.
[[0;32m  OK  [0m] Started Load/Save Random Seed.
[[0;32m  OK  [0m] Started Apply Kernel Variables.
[[0;32m  OK  [0m] Started Create Static Device Nodes in /dev.
[[0;32m  OK  [0m] Started Flush Journal to Persistent Storage.
[[0;32m  OK  [0m] Started udev Coldplug all Devices.
         Starting udev Kernel Device Manager...
[[0;32m  OK  [0m] Started Monitoring of LVM2 mirrors,...ng dmeventd or progress polling.
[[0;32m  OK  [0m] Reached target Local File Systems (Pre).
[[0;32m  OK  [0m] Reached target Local File Systems.
         Starting Tell Plymouth To Write Out Runtime Data...
         Starting LSB: AppArmor initialization...
         Starting Create Volatile Files and Directories...
         Starting Set console font and keymap...
         Starting Commit a transient machine-id on disk...
         Starting Initial cloud-init job (pre-networking)...
[[0;32m  OK  [0m] Started Tell Plymouth To Write Out Runtime Data.
[[0;32m  OK  [0m] Started Create Volatile Files and Directories.
[[0;32m  OK  [0m] Started udev Kernel Device Manager.
[[0;32m  OK  [0m] Started Dispatch Password Requests to Console Directory Watch.
         Starting Update UTMP about System Boot/Shutdown...
[[0;32m  OK  [0m] Started Commit a transient machine-id on disk.
[[0;32m  OK  [0m] Started Update UTMP about System Boot/Shutdown.
[[0;32m  OK  [0m] Found device /dev/ttyS0.
[[0;32m  OK  [0m] Listening on Load/Save RF Kill Switch Status /dev/rfkill Watch.
[    7.203246] cloud-init[485]: Cloud-init v. 19.1-1-gbaa47854-0ubuntu1~16.04.1 running 'init-local' at Mon, 02 Sep 2019 08:35:37 +0000. Up 6.62 seconds.
[[0;32m  OK  [0m] Started Initial cloud-init job (pre-networking).
[[0;32m  OK  [0m] Reached target Network (Pre).
[[0;32m  OK  [0m] Started LSB: AppArmor initialization.
         Starting Raise network interfaces...
[[0;32m  OK  [0m] Started Set console font and keymap.
[[0;32m  OK  [0m] Created slice system-getty.slice.
[[0;32m  OK  [0m] Started Raise network interfaces.
[[0;32m  OK  [0m] Reached target Network.
         Starting Initial cloud-init job (metadata service crawler)...
[    9.300532] cloud-init[968]: Cloud-init v. 19.1-1-gbaa47854-0ubuntu1~16.04.1 running 'init' at Mon, 02 Sep 2019 08:35:39 +0000. Up 8.61 seconds.
[    9.309097] cloud-init[968]: ci-info: ++++++++++++++++++++++++++++++++++++++Net device info+++++++++++++++++++++++++++++++++++++++
[    9.311610] cloud-init[968]: ci-info: +--------+-------+----------------------------+---------------+--------+-------------------+
[    9.313345] cloud-init[968]: ci-info: | Device |   Up  |          Address           |      Mask     | Scope  |     Hw-Address    |
[    9.315357] cloud-init[968]: ci-info: +--------+-------+----------------------------+---------------+--------+-------------------+
[    9.316555] cloud-init[968]: ci-info: | enp0s3 |  True |         10.0.2.15          | 255.255.255.0 | global | 02:6a:5b:40:72:6f |
[    9.317878] cloud-init[968]: ci-info: | enp0s3 |  True | fe80::6a:5bff:fe40:726f/64 |       .       |  link  | 02:6a:5b:40:72:6f |
[    9.319657] cloud-init[968]: ci-info: | enp0s8 | False |             .              |       .       |   .    | 08:00:27:62:d9:06 |
[    9.332415] cloud-init[968]: ci-info: |   lo   |  True |         127.0.0.1          |   255.0.0.0   |  host  |         .         |
[    9.341247] cloud-init[968]: ci-info: |   lo   |  True |          ::1/128           |       .       |  host  |         .         |
[    9.342845] cloud-init[968]: ci-info: +--------+-------+----------------------------+---------------+--------+-------------------+
[    9.344698] cloud-init[968]: ci-info: +++++++++++++++++++++++++++Route IPv4 info++++++++++++++++++++++++++++
[    9.346732] cloud-init[968]: ci-info: +-------+-------------+----------+---------------+-----------+-------+
[    9.348746] cloud-init[968]: ci-info: | Route | Destination | Gateway  |    Genmask    | Interface | Flags |
[    9.350442] cloud-init[968]: ci-info: +-------+-------------+----------+---------------+-----------+-------+
[    9.352198] cloud-init[968]: ci-info: |   0   |   0.0.0.0   | 10.0.2.2 |    0.0.0.0    |   enp0s3  |   UG  |
[    9.353918] cloud-init[968]: ci-info: |   1   |   10.0.2.0  | 0.0.0.0  | 255.255.255.0 |   enp0s3  |   U   |
[    9.355842] cloud-init[968]: ci-info: +-------+-------------+----------+---------------+-----------+-------+
[    9.357529] cloud-init[968]: ci-info: +++++++++++++++++++Route IPv6 info+++++++++++++++++++
[    9.359069] cloud-init[968]: ci-info: +-------+-------------+---------+-----------+-------+
[    9.360729] cloud-init[968]: ci-info: | Route | Destination | Gateway | Interface | Flags |
[    9.362185] cloud-init[968]: ci-info: +-------+-------------+---------+-----------+-------+[[0;32m  OK  [0m] Started Initial cloud-init job (metadata service crawler).
[[0;32m  OK  [0m] Reached target Network is Online.

[    9.364155] cloud-init[968]: ci-info: |   0   |  fe80::/64  |    ::   |   enp0s3  |   U   |
[    9.374186] cloud-init[968]: ci-info: |   3   |   ff00::/8  |    ::   |   enp0s3  |   U   |
[    9.375728] cloud-init[968]: ci-info: +-------+-------------+---------+-----------+-------+
[    9.377124] cloud-init[968]: Generating public/private rsa key pair.
[    9.378269] cloud-init[968]: Your identification has been saved in /etc/ssh/ssh_host_rsa_key.
[    9.379672] cloud-init[968]: Your public key has been saved in /etc/ssh/ssh_host_rsa_key.pub.
[    9.380877] cloud-init[968]: The key fingerprint is:
[    9.381849] cloud-init[968]: SHA256:zXlmU2BlwScl77VeqlT7NKj/FGgmvtddLl9h6uHZaVQ root@ubuntu-xenial
[    9.383291] cloud-init[968]: The key's randomart image is:
[    9.384680] cloud-init[968]: +---[RSA 2048]----+
[    9.384920] cloud-init[968]: |            oo=o.|
[    9.385420] cloud-init[968]: |           . ooo.|
         Starting iSCSI initiator daemon (iscsid)...
[    9.385472] [cloud-init[0;32m  OK  [0m[968]: ] |              .oo|Reached target System Initialization.

[[0;32m  OK  [0m] Started Daily apt download activities.
[[0;32m  OK  [0m] Started Daily apt upgrade and clean activities.
[[0;32m  OK  [0m] Listening on ACPID Listen Socket.
         Starting Socket activation for snappy daemon.
[[0;32m  OK  [0m] Started Daily Cleanup of Temporary Directories.
[    9.394650] cloud-init[968]: |         o . ...E|
[[0;32m  OK  [0m] Reached target Timers.
[    9.398880] cloud-init[968]: [[0;32m  OK  [0m] Listening on D-Bus System Message Bus Socket.
[[0;32m  OK  [0m] Listening on UUID daemon activation socket.
|        S +.=+.=+|
[    9.402181] cloud-init[968]: |          .++o=+=|
[[0;32m  OK  [0m] Started ACPI Events Check.
[[0;32m  OK  [0m] Reached target Paths.
[    9.403193] cloud-init[968]: |           ..+===|
[    9.405509]          Starting LXD - unix socket.
[[0;32m  OK  [0m] Reached target Cloud-config availability.
cloud-init[968]: |           .=o*=*|[[0;32m  OK  [0m] Listening on Socket activation for snappy daemon.

[    9.408944] cloud-init[968]: |           o+=o*o|
[    9.411030] cloud-init[968]: +----[SHA256]-----+
[[0;32m  OK  [0m] Started iSCSI initiator daemon (iscsid).
[[0;32m  OK  [0m] Listening on LXD - unix socket.
         Starting Login to default iSCSI targets...
[[0;32m  OK  [0m] Reached target Sockets.
[[0;32m  OK  [0m] Reached target Basic System.
[[0;32m  OK  [0m] Started Deferred execution scheduler.
[    9.415543] [[0;32m  OK  [0m] Started FUSE filesystem for LXC.
cloud-init[968]: Generating public/private dsa key pair.
         Starting /etc/rc.local Compatibility...
[    9.423883]          cloud-initStarting Login Service...[968]: 
Your identification has been saved in /etc/ssh/ssh_host_dsa_key.
[    9.431516]          cloud-initStarting Accounts Service...[968]: 
Your public key has been saved in /etc/ssh/ssh_host_dsa_key.pub.
[    9.434389] cloud-init[968]: The key fingerprint is:
[    9.437134] [cloud-init[0;32m  OK  [0m[968]: ] SHA256:nsEnkX1B+9cO7ajQ76NiSmRWpyaNvvmFVLECeWkc4ps root@ubuntu-xenialStarted ACPI event daemon.

[    9.439632]          Starting Pollinate to seed the pseudo random number generator...
cloud-init         Starting LSB: Record successful boot for GRUB...
[[0;32m  OK  [0m] Started D-Bus System Message Bus.
[968]: The key's randomart image is:
[    9.447652] cloud-init[968]: +---[DSA 1024]----+
[    9.453674] cloud-init[968]: |        oo.++    |
[    9.457882] cloud-init[968]: |       ..==  =   |
[    9.461378] cloud-init[968]: |        +o+ *    |
[    9.464035] cloud-init[968]: |       . B * . ..|
[    9.476702] cloud-init[968]: |        E *   o +|
[    9.478620] cloud-init[968]: |       * O o   * |
[    9.479623] cloud-init[968]: |        = o o . o|
[    9.480621] cloud-init[968]: |       . ooo o.  |
[    9.481577] cloud-init[968]: |        ++..ooo. |
[    9.482687] cloud-init[968]: +----[SHA256]-----+
[    9.483657] cloud-init[968]: Generating public/private ecdsa key pair.
         Starting LXD - container startup/shutdown...
         Starting LSB: MD monitoring daemon...
[    9.488841] cloud-init[968]: Your identification has been saved in /etc/ssh/ssh_host_ecdsa_key.
[    9.492781] cloud-init[968]: Your public key has been saved in /etc/ssh/ssh_host_ecdsa_key.pub.[[0;32m  OK  [0m] Started Regular background program processing daemon.
         Starting System Logging Service...
         Starting Virtualbox guest utils...
         Starting Snappy daemon...

[[0;32m  OK  [0m] Started /etc/rc.local Compatibility.
[    9.504075] cloud-init[968]: The key fingerprint is:
[    9.545199] cloud-init[968]: SHA256:jBKBxh3E9mUx6qBGo6PDuzcJskVSOEhlDtt1j0JsBpM root@ubuntu-xenial
[    9.554183] cloud-init[968]: The key's randomart image is:
[    9.559895] cloud-init[968]: +---[ECDSA 256]---+
[    9.565633] cloud-init[968]: |o=.XB+ .o.       |
[    9.573768] cloud-init[968]: |+ @EB=..=.       |[[0;32m  OK  [0m] Started System Logging Service.

[    9.583304] cloud-init[968]: | =o+=o.+ .       |
[    9.585316] cloud-init[968]: |.o.o +oo         |
[    9.592822] cloud-init[968]: |ooo . o S        |
[    9.597628] cloud-init[968]: |++.  .           |
[    9.608234] cloud-init[968]: |++. .            |
[    9.616225] cloud-init[968]: [[0;32m  OK  [0m] Started Login to default iSCSI targets.
|...+             |
[    9.622382] cloud-init[968]: | oo .            |
[    9.627511] cloud-init[968]: +----[SHA256]-----+
[    9.635671] cloud-init[968]: Generating public/private ed25519 key pair.
[    9.643089] cloud-init[968]: Your identification has been saved in /etc/ssh/ssh_host_ed25519_key.
[    9.655268] cloud-init[968]: Your public key has been saved in /etc/ssh/ssh_host_ed25519_key.pub.
[    9.668645] cloud-init[968]: The key fingerprint is:
[[0;32m  OK  [0m] Started Login Service.
[    9.672134] cloud-init[968]: SHA256:GW+Z34NZw/4n43oLXQ7ynYCqNeFQrE9VJzOw0a4otcg root@ubuntu-xenial
[    9.674693] cloud-init[968]: The key's randomart image is:
[    9.680698] cloud-init[968]: +--[ED25519 256]--+
[    9.683466] [[0;32m  OK  [0m] Started Unattended Upgrades Shutdown.
         Starting Authenticate and Authorize Users to Run Privileged Tasks...
[[0;32m  OK  [0m] Reached target Remote File Systems (Pre).
[[0;32m  OK  [0m] Reached target Remote File Systems.
         Starting LSB: Set the CPU Frequency Scaling governor to "ondemand"...
         Starting Permit User Sessions...
         Starting LSB: automatic crash report generation...
         Starting LSB: daemon to balance interrupts for SMP systems...
[cloud-init[968]: |           oo= . |
[0;32m  OK  [0m] Started LSB: Record successful boot for GRUB.
[[0;32m  OK  [0m] Started LSB: MD monitoring daemon.
[    9.729397] cloud-init[[0;32m  OK  [0m] Started Permit User Sessions.
[968]: |        .   +.=  |
[    9.764526] cloud-init[968]: |        .o o.    |
[    9.781165] cloud-init[968]: |        o=.o.o   |
         Starting Hold until boot process finishes up...
         Starting Terminate Plymouth Boot Screen...
[[0;32m  OK  [0m] Started LXD - container startup/shutdown.
[[0;32m  OK  [0m] Started Hold until boot process finishes up.
[    9.784807] cloud-init[968]: |      .oSoB.o.= .|
[    9.810241] cloud-init[968]: |       E=+oo X.*.|
[    9.830489] cloud-init[968]: |        .*  = *.o|
[[0;32m  OK  [0m] Started Terminate Plymouth Boot Screen.
[[0;32m  OK  [0m] Started LSB: Set the CPU Frequency Scaling governor to "ondemand".
[[0;32m  OK  [0m] Started LSB: automatic crash report generation.
[    9.842562] cloud-init[968]: |        o .  .+o.|
[    9.865682] cloud-init[968]: |       .    .+o+o|
[    9.876702] cloud-init[968]: +----[SHA256]-----+
         Starting Set console scheme...
[[0;32m  OK  [0m] Started Serial Getty on ttyS0.
[[0;32m  OK  [0m] Started Getty on tty1.
[[0;32m  OK  [0m] Reached target Login Prompts.
[[0;32m  OK  [0m] Started Set console scheme.
[[0;32m  OK  [0m] Started Authenticate and Authorize Users to Run Privileged Tasks.
[[0;32m  OK  [0m] Started Accounts Service.
[[0;32m  OK  [0m] Started LSB: daemon to balance interrupts for SMP systems.
[[0;32m  OK  [0m] Started Virtualbox guest utils.
[[0;32m  OK  [0m] Started Snappy daemon.
         Starting Wait until snapd is fully seeded...
[[0;32m  OK  [0m] Started Pollinate to seed the pseudo random number generator.
         Starting OpenBSD Secure Shell server...
[[0;32m  OK  [0m] Started OpenBSD Secure Shell server.
[[0;32m  OK  [0m] Started Wait until snapd is fully seeded.
         Starting Apply the settings specified in cloud-config...
[[0;32m  OK  [0m] Reached target Multi-User System.
[[0;32m  OK  [0m] Reached target Graphical Interface.
         Starting Update UTMP about System Runlevel Changes...
[[0;32m  OK  [0m] Started Update UTMP about System Runlevel Changes.
[   11.150956] cloud-init[1332]: Generating locales (this might take a while)...
[[0;32m  OK  [0m] Created slice User Slice of vagrant.
         Starting User Manager for UID 1000...
[[0;32m  OK  [0m] Started Session 1 of user vagrant.
[[0;32m  OK  [0m] Started User Manager for UID 1000.
[   12.674082] cloud-init[1332]:   en_US.UTF-8... done
[   12.679649] cloud-init[1332]: Generation complete.
[   13.129093] cloud-init[1332]: Cloud-init v. 19.1-1-gbaa47854-0ubuntu1~16.04.1 running 'modules:config' at Mon, 02 Sep 2019 08:35:41 +0000. Up 11.01 seconds.
[[0;32m  OK  [0m] Started Apply the settings specified in cloud-config.
         Starting Execute cloud user/final scripts...
ci-info: no authorized ssh keys fingerprints found for user ubuntu.
<14>Sep  2 08:35:44 ec2: 
<14>Sep  2 08:35:44 ec2: #############################################################
<14>Sep  2 08:35:44 ec2: -----BEGIN SSH HOST KEY FINGERPRINTS-----
<14>Sep  2 08:35:44 ec2: 1024 SHA256:nsEnkX1B+9cO7ajQ76NiSmRWpyaNvvmFVLECeWkc4ps root@ubuntu-xenial (DSA)
<14>Sep  2 08:35:44 ec2: 256 SHA256:jBKBxh3E9mUx6qBGo6PDuzcJskVSOEhlDtt1j0JsBpM root@ubuntu-xenial (ECDSA)
<14>Sep  2 08:35:44 ec2: 256 SHA256:GW+Z34NZw/4n43oLXQ7ynYCqNeFQrE9VJzOw0a4otcg root@ubuntu-xenial (ED25519)
<14>Sep  2 08:35:44 ec2: 2048 SHA256:zXlmU2BlwScl77VeqlT7NKj/FGgmvtddLl9h6uHZaVQ root@ubuntu-xenial (RSA)
<14>Sep  2 08:35:44 ec2: -----END SSH HOST KEY FINGERPRINTS-----
<14>Sep  2 08:35:44 ec2: #############################################################
-----BEGIN SSH HOST KEY KEYS-----
ecdsa-sha2-nistp256 AAAAE2VjZHNhLXNoYTItbmlzdHAyNTYAAAAIbmlzdHAyNTYAAABBBKxCbI6o4/ny4t3LbnHROsCAKI10G6D3Fz0Kf/3QKn/TPIPXhEu87nfJnEtv5UTpDfuluTP1OY0iKxKWd9tKfq0= root@ubuntu-xenial
ssh-ed25519 AAAAC3NzaC1lZDI1NTE5AAAAIMD1l85BP3O1sahP7qhPaHu8tcCNgiMMqB2D7ydVQam5 root@ubuntu-xenial
ssh-rsa AAAAB3NzaC1yc2EAAAADAQABAAABAQC5r2A+i+lsrYQ3NwjWzsyhrXYpa8qHnkS5g79u6Vh35pWeBPZ01bHXLD27/POXCzLzBc2EHF2MLujSeD2u1ggXKChot3BYKvb7XYEnPCDiEHl/EDgHfycHkj445jZzK2iNkA6Mtg60UULS+eV5+cWy94672NGaT5GbcDRw8zgil8BkUb706SaMc0KvAfaeNx5/YTPi9xrYIvK+FvGb6JHU2D9XMO7WpmYUGZvwZptuCiiP54cs8YFQph1RKk4q4voH/6oYjynafhvSw7MaYIEBmC/+3BtWHbBibJKhGdu7E8eFykaMwRfABk0zhLuWe1GLPPe5M46Hsqe4wAJ0PDHB root@ubuntu-xenial
-----END SSH HOST KEY KEYS-----
[   13.818414] cloud-init[1464]: Cloud-init v. 19.1-1-gbaa47854-0ubuntu1~16.04.1 running 'modules:final' at Mon, 02 Sep 2019 08:35:44 +0000. Up 13.61 seconds.
[   13.821996] cloud-init[1464]: ci-info: no authorized ssh keys fingerprints found for user ubuntu.
[   13.823675] cloud-init[1464]: Cloud-init v. 19.1-1-gbaa47854-0ubuntu1~16.04.1 finished at Mon, 02 Sep 2019 08:35:44 +0000. Datasource DataSourceNoCloud [seed=/dev/sdb][dsmode=net].  Up 13.80 seconds
[[0;32m  OK  [0m] Started Execute cloud user/final scripts.
[[0;32m  OK  [0m] Reached target Cloud-init target.

Ubuntu 16.04.6 LTS ubuntu-xenial ttyS0

ubuntu-xenial login: 